<?xml version="1.0" encoding="UTF-8"?>
<!-- Generated by org.testng.reporters.JUnitReportReporter -->
<testsuite skipped="0" hostname="PRO-RAET-AVINASH" name="myTest.TestCases1" tests="1" failures="0" timestamp="08 Oct 2018 07:02:17 GMT" time="0.014" errors="0">
  <testcase name="test1" time="0.014" classname="myTest.TestCases1"/>
</testsuite> <!-- myTest.TestCases1 -->
