<?xml version="1.0" encoding="UTF-8"?>
<!-- Generated by org.testng.reporters.JUnitReportReporter -->
<testsuite skipped="0" hostname="PRO-RAET-AVINASH" name="myTest.TestCases2" tests="1" failures="0" timestamp="08 Oct 2018 09:53:12 GMT" time="0.000" errors="0">
  <testcase name="test1" time="0.000" classname="myTest.TestCases2"/>
</testsuite> <!-- myTest.TestCases2 -->
